<?xml version="1.0" encoding="UTF-8"?>
<testng-results ignored="0" total="1" passed="1" failed="0" skipped="0">
  <reporter-output>
  </reporter-output>
  <suite started-at="2024-06-19T12:07:29 IST" name="Default suite" finished-at="2024-06-19T12:07:32 IST" duration-ms="3158">
    <groups>
    </groups>
    <test started-at="2024-06-19T12:07:29 IST" name="Default test" finished-at="2024-06-19T12:07:32 IST" duration-ms="3158">
      <class name="restapi.restapipractice.SOAPXMLRequest">
        <test-method signature="validateSoapXML()[pri:0, instance:restapi.restapipractice.SOAPXMLRequest@222545dc]" started-at="2024-06-19T12:07:29 IST" name="validateSoapXML" finished-at="2024-06-19T12:07:32 IST" duration-ms="3096" status="PASS">
          <reporter-output>
          </reporter-output>
        </test-method> <!-- validateSoapXML -->
      </class> <!-- restapi.restapipractice.SOAPXMLRequest -->
    </test> <!-- Default test -->
  </suite> <!-- Default suite -->
</testng-results>
